<?xml version="1.0" encoding="UTF-8"?>
<!-- Generated by org.testng.reporters.JUnitReportReporter -->
<testsuite hostname="DESKTOP-JDQLD7V" failures="0" tests="1" name="libil.Test.TestCsvFile" time="38.174" errors="0" timestamp="2025-03-28T10:52:38 IST" skipped="0">
  <testcase classname="libil.Test.TestCsvFile" name="checkAllRequestOnHomePage" time="38.174"/>
</testsuite> <!-- libil.Test.TestCsvFile -->
