<?xml version="1.0" encoding="UTF-8"?>
<!-- Generated by org.testng.reporters.JUnitReportReporter -->
<testsuite hostname="DESKTOP-JDQLD7V" failures="0" tests="1" name="libil.Test.SearchBarTest" time="13.234" errors="0" timestamp="2025-02-24T18:03:54 IST" skipped="0">
  <testcase classname="libil.Test.SearchBarTest" name="VerifySearchbarinput" time="13.234"/>
</testsuite> <!-- libil.Test.SearchBarTest -->
