<?xml version="1.0" encoding="UTF-8"?>
<!-- Generated by org.testng.reporters.JUnitReportReporter -->
<testsuite hostname="DESKTOP-JDQLD7V" failures="0" tests="1" name="libil.Test.UploadLibilReportTest" time="23.554" errors="0" timestamp="2025-02-25T13:14:56 IST" skipped="0">
  <testcase classname="libil.Test.UploadLibilReportTest" name="VerifyUploadLIBIL_Report" time="23.554"/>
</testsuite> <!-- libil.Test.UploadLibilReportTest -->
