<?xml version="1.0" encoding="UTF-8"?>
<!-- Generated by org.testng.reporters.JUnitReportReporter -->
<testsuite hostname="DESKTOP-JDQLD7V" failures="0" tests="1" name="libil.Test.TestCsvFile" time="62.163" errors="0" timestamp="2025-02-22T17:30:45 IST" skipped="0">
  <testcase classname="libil.Test.TestCsvFile" name="checkAllRequestOnHomePage" time="62.163"/>
</testsuite> <!-- libil.Test.TestCsvFile -->
