<?xml version="1.0" encoding="UTF-8"?>
<!-- Generated by org.testng.reporters.JUnitReportReporter -->
<testsuite hostname="DESKTOP-JDQLD7V" failures="0" tests="1" name="libil.Test.viewReport" time="116.639" errors="0" timestamp="2025-03-27T16:59:44 IST" skipped="0">
  <testcase classname="libil.Test.viewReport" name="verifyviewReport" time="116.639"/>
</testsuite> <!-- libil.Test.viewReport -->
