<?xml version="1.0" encoding="UTF-8"?>
<!-- Generated by org.testng.reporters.JUnitReportReporter -->
<testsuite hostname="DESKTOP-JDQLD7V" failures="0" tests="1" name="libil.Test.Proximitydownlaodtest" time="18.930" errors="0" timestamp="2025-03-29T15:05:16 IST" skipped="0">
  <testcase classname="libil.Test.Proximitydownlaodtest" name="verifyExactMatch_DownloadCSVoption" time="18.930"/>
</testsuite> <!-- libil.Test.Proximitydownlaodtest -->
