<?xml version="1.0" encoding="UTF-8"?>
<!-- Generated by org.testng.reporters.JUnitReportReporter -->
<testsuite hostname="DESKTOP-JDQLD7V" failures="0" tests="1" name="libil.Test.SearchBarTest" time="12.049" errors="0" timestamp="2025-04-01T10:00:11 IST" skipped="0">
  <testcase classname="libil.Test.SearchBarTest" name="VerifySearchbarinput" time="12.049"/>
</testsuite> <!-- libil.Test.SearchBarTest -->
