<?xml version="1.0" encoding="UTF-8"?>
<!-- Generated by org.testng.reporters.JUnitReportReporter -->
<testsuite hostname="DESKTOP-JDQLD7V" failures="0" tests="1" name="libil.Test.ExactSearchoptions_Downlaodexactdata" time="155.093" errors="0" timestamp="2025-03-29T14:09:09 IST" skipped="0">
  <testcase classname="libil.Test.ExactSearchoptions_Downlaodexactdata" name="VerifyExactdatadownlaodoption" time="155.093"/>
</testsuite> <!-- libil.Test.ExactSearchoptions_Downlaodexactdata -->
