<?xml version="1.0" encoding="UTF-8"?>
<!-- Generated by org.testng.reporters.JUnitReportReporter -->
<testsuite hostname="DESKTOP-JDQLD7V" failures="0" tests="1" name="libil.Test.ExactMatch_downloadCSV" time="67.798" errors="0" timestamp="2025-02-21T18:43:59 IST" skipped="0">
  <testcase classname="libil.Test.ExactMatch_downloadCSV" name="checkAllRequestOnHomePage" time="67.798"/>
</testsuite> <!-- libil.Test.ExactMatch_downloadCSV -->
