<?xml version="1.0" encoding="UTF-8"?>
<!-- Generated by org.testng.reporters.JUnitReportReporter -->
<testsuite hostname="DESKTOP-JDQLD7V" failures="0" tests="1" name="libil.Test.UploadLibilReportTest" time="24.349" errors="0" timestamp="2025-03-27T16:53:46 IST" skipped="0">
  <testcase classname="libil.Test.UploadLibilReportTest" name="VerifyUploadLIBIL_Report" time="24.349"/>
</testsuite> <!-- libil.Test.UploadLibilReportTest -->
