<?xml version="1.0" encoding="UTF-8"?>
<!-- Generated by org.testng.reporters.JUnitReportReporter -->
<testsuite hostname="DESKTOP-JDQLD7V" failures="0" tests="1" name="libil.Test.ExactMatchDownloadJSON" time="19.382" errors="0" timestamp="2025-03-28T10:54:02 IST" skipped="0">
  <testcase classname="libil.Test.ExactMatchDownloadJSON" name="VerifydownloadJSONoptions" time="19.382"/>
</testsuite> <!-- libil.Test.ExactMatchDownloadJSON -->
