<?xml version="1.0" encoding="UTF-8"?>
<!-- Generated by org.testng.reporters.JUnitReportReporter -->
<testsuite hostname="DESKTOP-JDQLD7V" failures="0" tests="1" name="libil.Test.NearSearchTest" time="146.757" errors="0" timestamp="2025-04-04T13:05:36 IST" skipped="0">
  <testcase classname="libil.Test.NearSearchTest" name="verifyNearSearchOptionsProvideResult" time="146.757"/>
</testsuite> <!-- libil.Test.NearSearchTest -->
