<?xml version="1.0" encoding="UTF-8"?>
<!-- Generated by org.testng.reporters.JUnitReportReporter -->
<testsuite hostname="DESKTOP-JDQLD7V" failures="0" tests="1" name="libil.Test.SearchOptionsResults" time="308.979" errors="0" timestamp="2025-02-24T18:30:15 IST" skipped="0">
  <testcase classname="libil.Test.SearchOptionsResults" name="verifyLoginPage" time="308.979"/>
</testsuite> <!-- libil.Test.SearchOptionsResults -->
