<?xml version="1.0" encoding="UTF-8"?>
<!-- Generated by org.testng.reporters.JUnitReportReporter -->
<testsuite hostname="DESKTOP-JDQLD7V" failures="0" tests="1" name="libil.Test.AddUser_DeleteuserTest" time="7.618" errors="0" timestamp="2025-04-02T16:28:40 IST" skipped="0">
  <testcase classname="libil.Test.AddUser_DeleteuserTest" name="verifyExactMatch_DownloadCSVoption" time="7.618"/>
</testsuite> <!-- libil.Test.AddUser_DeleteuserTest -->
