<?xml version="1.0" encoding="UTF-8"?>
<!-- Generated by org.testng.reporters.JUnitReportReporter -->
<testsuite hostname="DESKTOP-JDQLD7V" failures="0" tests="1" name="libil.Test.HomePageTest" time="35.461" errors="0" timestamp="2025-02-17T19:36:22 IST" skipped="0">
  <testcase classname="libil.Test.HomePageTest" name="CheckAllRequestOnHomePage" time="35.461"/>
</testsuite> <!-- libil.Test.HomePageTest -->
