<?xml version="1.0" encoding="UTF-8"?>
<!-- Generated by org.testng.reporters.JUnitReportReporter -->
<testsuite hostname="DESKTOP-JDQLD7V" failures="0" tests="1" name="libil.Test.SearchRadioButtonsTest" time="482.042" errors="0" timestamp="2025-02-12T16:25:00 IST" skipped="0">
  <testcase classname="libil.Test.SearchRadioButtonsTest" name="verifysearchRadioButtons" time="482.042"/>
  <system-out>
    <![CDATA[take screenshot succesfully]]>
  </system-out>
</testsuite> <!-- libil.Test.SearchRadioButtonsTest -->
