<?xml version="1.0" encoding="UTF-8"?>
<!-- Generated by org.testng.reporters.JUnitReportReporter -->
<testsuite hostname="DESKTOP-JDQLD7V" failures="0" tests="1" name="libil.Test.ManageUserTest" time="17.439" errors="0" timestamp="2025-03-29T17:42:43 IST" skipped="0">
  <testcase classname="libil.Test.ManageUserTest" name="verifyLoginPage" time="17.439"/>
</testsuite> <!-- libil.Test.ManageUserTest -->
