<?xml version="1.0" encoding="UTF-8"?>
<!-- Generated by org.testng.reporters.JUnitReportReporter -->
<testsuite hostname="DESKTOP-JDQLD7V" failures="0" tests="1" name="libil.Test.ExactSearchoptions_Downlaodexactdata" time="41.585" errors="0" timestamp="2025-02-21T12:59:49 IST" skipped="0">
  <testcase classname="libil.Test.ExactSearchoptions_Downlaodexactdata" name="CheckAllRequestOnHomePage" time="41.585"/>
</testsuite> <!-- libil.Test.ExactSearchoptions_Downlaodexactdata -->
