<?xml version="1.0" encoding="UTF-8"?>
<!-- Generated by org.testng.reporters.JUnitReportReporter -->
<testsuite hostname="DESKTOP-JDQLD7V" failures="0" tests="1" name="libil.Test.Editmanageusertest" time="13.112" errors="0" timestamp="2025-04-02T16:01:37 IST" skipped="0">
  <testcase classname="libil.Test.Editmanageusertest" name="verifyExactMatch_DownloadCSVoption" time="13.112"/>
</testsuite> <!-- libil.Test.Editmanageusertest -->
