<?xml version="1.0" encoding="UTF-8"?>
<!-- Generated by org.testng.reporters.JUnitReportReporter -->
<testsuite hostname="DESKTOP-JDQLD7V" failures="0" tests="1" name="libil.Test.HomePageTest" time="423.203" errors="0" timestamp="2025-03-27T12:40:17 IST" skipped="0">
  <testcase classname="libil.Test.HomePageTest" name="CheckAllRequestOnHomePage" time="423.203"/>
</testsuite> <!-- libil.Test.HomePageTest -->
