<?xml version="1.0" encoding="UTF-8"?>
<!-- Generated by org.testng.reporters.JUnitReportReporter -->
<testsuite hostname="DESKTOP-JDQLD7V" failures="0" tests="1" name="libil.Test.LoginPageTest" time="8.987" errors="0" timestamp="2025-04-04T16:48:00 IST" skipped="0">
  <testcase classname="libil.Test.LoginPageTest" name="verifyLoginPage" time="8.987"/>
</testsuite> <!-- libil.Test.LoginPageTest -->
