<?xml version="1.0" encoding="UTF-8"?>
<!-- Generated by org.testng.reporters.JUnitReportReporter -->
<testsuite hostname="DESKTOP-JDQLD7V" failures="0" tests="1" name="libil.Test.NearSearchTest" time="115.162" errors="0" timestamp="2025-02-25T13:26:43 IST" skipped="0">
  <testcase classname="libil.Test.NearSearchTest" name="verifyNearSearchOptionsProvideResult" time="115.162"/>
</testsuite> <!-- libil.Test.NearSearchTest -->
