<?xml version="1.0" encoding="UTF-8"?>
<!-- Generated by org.testng.reporters.JUnitReportReporter -->
<testsuite hostname="Vaibhav" failures="0" tests="1" name="DemoTest.Testtest" time="5.012" errors="0" timestamp="2024-04-05T07:13:09 IST" skipped="0">
  <testcase classname="DemoTest.Testtest" name="testing" time="5.012"/>
</testsuite> <!-- DemoTest.Testtest -->
