<?xml version="1.0" encoding="UTF-8"?>
<!-- Generated by org.testng.reporters.JUnitReportReporter -->
<testsuite hostname="DESKTOP-JDQLD7V" failures="0" tests="1" name="libil.Test.UploadMCAreportTest" time="38.194" errors="0" timestamp="2025-02-11T18:12:18 IST" skipped="0">
  <testcase classname="libil.Test.UploadMCAreportTest" name="verifyLoginPage" time="38.194"/>
</testsuite> <!-- libil.Test.UploadMCAreportTest -->
