<?xml version="1.0" encoding="UTF-8"?>
<!-- Generated by org.testng.reporters.JUnitReportReporter -->
<testsuite hostname="DESKTOP-JDQLD7V" failures="0" tests="1" name="libil.Test.EditReportTest" time="99.634" errors="0" timestamp="2025-03-27T16:03:40 IST" skipped="0">
  <testcase classname="libil.Test.EditReportTest" name="VerifyEditAndSaveReport" time="99.634"/>
</testsuite> <!-- libil.Test.EditReportTest -->
