<?xml version="1.0" encoding="UTF-8"?>
<!-- Generated by org.testng.reporters.JUnitReportReporter -->
<testsuite hostname="DESKTOP-JDQLD7V" failures="0" tests="1" name="libil.Test.ExactMatch_downloadCSV" time="17.817" errors="0" timestamp="2025-03-29T14:52:27 IST" skipped="0">
  <testcase classname="libil.Test.ExactMatch_downloadCSV" name="verifyExactMatch_DownloadCSVoption" time="17.817"/>
</testsuite> <!-- libil.Test.ExactMatch_downloadCSV -->
