<?xml version="1.0" encoding="UTF-8"?>
<!-- Generated by org.testng.reporters.JUnitReportReporter -->
<testsuite hostname="DESKTOP-JDQLD7V" failures="0" tests="1" name="libil.Test.viewReport" time="144.255" errors="0" timestamp="2025-02-18T14:10:38 IST" skipped="0">
  <testcase classname="libil.Test.viewReport" name="verifysearchRadioButtons" time="144.255"/>
</testsuite> <!-- libil.Test.viewReport -->
