<?xml version="1.0" encoding="UTF-8"?>
<!-- Generated by org.testng.reporters.JUnitReportReporter -->
<testsuite hostname="DESKTOP-JDQLD7V" failures="0" tests="1" name="libil.Test.SearchOptionsResults" time="300.076" errors="0" timestamp="2025-03-27T16:37:43 IST" skipped="0">
  <testcase classname="libil.Test.SearchOptionsResults" name="verifyLoginPage" time="300.076"/>
</testsuite> <!-- libil.Test.SearchOptionsResults -->
