<?xml version="1.0" encoding="UTF-8"?>
<!-- Generated by org.testng.reporters.JUnitReportReporter -->
<testsuite hostname="DESKTOP-JDQLD7V" failures="0" tests="1" name="libil.Test.UploadCSVReportTest" time="22.947" errors="0" timestamp="2025-03-27T16:53:00 IST" skipped="0">
  <testcase classname="libil.Test.UploadCSVReportTest" name="VerifyUploadCSV" time="22.947"/>
</testsuite> <!-- libil.Test.UploadCSVReportTest -->
