<?xml version="1.0" encoding="UTF-8"?>
<!-- Generated by org.testng.reporters.JUnitReportReporter -->
<testsuite hostname="DESKTOP-JDQLD7V" failures="0" tests="1" name="libil.Test.JsondownloadTest" time="23.320" errors="0" timestamp="2025-03-29T11:57:58 IST" skipped="0">
  <testcase classname="libil.Test.JsondownloadTest" name="VerifydownloadJSONoptions" time="23.320"/>
</testsuite> <!-- libil.Test.JsondownloadTest -->
